2025-07-06 21:38:28,822 Worker rq:worker:3b580007ba6645e5aa9425ae031012c4 started with PID 61617, version 1.15.1
2025-07-06 21:38:28,822 Subscribing to channel rq:pubsub:3b580007ba6645e5aa9425ae031012c4
2025-07-06 21:38:28,823 *** Listening on home-vinaymishra-frappe-bench:short, home-vinaymishra-frappe-bench:default, home-vinaymishra-frappe-bench:long...
2025-07-06 21:38:28,823 Cleaning registries for queue: home-vinaymishra-frappe-bench:short
2025-07-06 21:38:28,823 Cleaning registries for queue: home-vinaymishra-frappe-bench:default
2025-07-06 21:38:28,823 Cleaning registries for queue: home-vinaymishra-frappe-bench:long
2025-07-06 21:41:29,378 Worker 3b580007ba6645e5aa9425ae031012c4 [PID 61617]: warm shut down requested
2025-07-06 21:41:29,379 Unsubscribing from channel rq:pubsub:3b580007ba6645e5aa9425ae031012c4
2025-07-06 21:44:30,358 Worker rq:worker:accc379a2ee94d50bf7e3c5fbea9216e started with PID 62123, version 1.15.1
2025-07-06 21:44:30,358 Subscribing to channel rq:pubsub:accc379a2ee94d50bf7e3c5fbea9216e
2025-07-06 21:44:30,359 *** Listening on home-vinaymishra-frappe-bench:short, home-vinaymishra-frappe-bench:default, home-vinaymishra-frappe-bench:long...
2025-07-06 21:44:30,359 Cleaning registries for queue: home-vinaymishra-frappe-bench:short
2025-07-06 21:44:30,359 Cleaning registries for queue: home-vinaymishra-frappe-bench:default
2025-07-06 21:44:30,359 Cleaning registries for queue: home-vinaymishra-frappe-bench:long
2025-07-06 21:46:02,669 home-vinaymishra-frappe-bench:default: frappe.utils.background_jobs.execute_job(event=None, is_async=True, job_name='frappe.core.doctype.user.user.create_contact', kwargs={'user': <User: vinay.alwar89@gmail.com>, 'ignore_mandatory': True}, method='frappe.core.doctype.user.user.create_contact', site='dcode.com', user='Administrator') (dcode.com::a0a8a76a-0185-4563-9bf1-fc2f5c4dc47f)
2025-07-06 21:46:03,434 home-vinaymishra-frappe-bench:default: Job OK (dcode.com::a0a8a76a-0185-4563-9bf1-fc2f5c4dc47f)
2025-07-06 21:46:03,435 Result is kept for 600 seconds
2025-07-06 21:46:03,437 home-vinaymishra-frappe-bench:default: frappe.utils.background_jobs.execute_job(event=None, is_async=True, job_name='frappe.core.doctype.user.user.update_gravatar', kwargs={'name': 'vinay.alwar89@gmail.com'}, method='frappe.core.doctype.user.user.update_gravatar', site='dcode.com', user='Administrator') (dcode.com::1c784f5c-9f13-4a30-95b8-cab935fcda02)
2025-07-06 21:46:03,808 home-vinaymishra-frappe-bench:default: Job OK (dcode.com::1c784f5c-9f13-4a30-95b8-cab935fcda02)
2025-07-06 21:46:03,808 Result is kept for 600 seconds
2025-07-06 21:46:30,888 home-vinaymishra-frappe-bench:default: frappe.utils.background_jobs.execute_job(event=None, is_async=True, job_name='frappe.core.doctype.scheduled_job_type.scheduled_job_type.run_scheduled_jo..., kwargs={'job_type': 'frappe.email.queue.flush'}, method='frappe.core.doctype.scheduled_job_type.scheduled_job_type.run_scheduled_jo..., site='dcode.com', user='Administrator') (dcode.com::scheduled_job::frappe.email.queue.flush)
2025-07-06 21:46:31,010 home-vinaymishra-frappe-bench:default: Job OK (dcode.com::scheduled_job::frappe.email.queue.flush)
2025-07-06 21:46:31,010 Result is kept for 600 seconds
2025-07-06 21:46:31,012 home-vinaymishra-frappe-bench:default: frappe.utils.background_jobs.execute_job(event=None, is_async=True, job_name='frappe.core.doctype.scheduled_job_type.scheduled_job_type.run_scheduled_jo..., kwargs={'job_type': 'frappe.monitor.flush'}, method='frappe.core.doctype.scheduled_job_type.scheduled_job_type.run_scheduled_jo..., site='dcode.com', user='Administrator') (dcode.com::scheduled_job::frappe.monitor.flush)
2025-07-06 21:46:31,093 home-vinaymishra-frappe-bench:default: Job OK (dcode.com::scheduled_job::frappe.monitor.flush)
2025-07-06 21:46:31,094 Result is kept for 600 seconds
2025-07-06 21:46:31,096 home-vinaymishra-frappe-bench:default: frappe.utils.background_jobs.execute_job(event=None, is_async=True, job_name='frappe.core.doctype.scheduled_job_type.scheduled_job_type.run_scheduled_jo..., kwargs={'job_type': 'frappe.model.utils.link_count.update_link_count'}, method='frappe.core.doctype.scheduled_job_type.scheduled_job_type.run_scheduled_jo..., site='dcode.com', user='Administrator') (dcode.com::scheduled_job::frappe.model.utils.link_count.update_link_count)
2025-07-06 21:46:31,235 home-vinaymishra-frappe-bench:default: Job OK (dcode.com::scheduled_job::frappe.model.utils.link_count.update_link_count)
2025-07-06 21:46:31,235 Result is kept for 600 seconds
2025-07-06 21:46:31,237 home-vinaymishra-frappe-bench:default: frappe.utils.background_jobs.execute_job(event=None, is_async=True, job_name='frappe.core.doctype.scheduled_job_type.scheduled_job_type.run_scheduled_jo..., kwargs={'job_type': 'frappe.utils.global_search.sync_global_search'}, method='frappe.core.doctype.scheduled_job_type.scheduled_job_type.run_scheduled_jo..., site='dcode.com', user='Administrator') (dcode.com::scheduled_job::frappe.utils.global_search.sync_global_search)
2025-07-06 21:46:31,385 home-vinaymishra-frappe-bench:default: Job OK (dcode.com::scheduled_job::frappe.utils.global_search.sync_global_search)
2025-07-06 21:46:31,385 Result is kept for 600 seconds
2025-07-06 21:46:31,387 home-vinaymishra-frappe-bench:default: frappe.utils.background_jobs.execute_job(event=None, is_async=True, job_name='frappe.core.doctype.scheduled_job_type.scheduled_job_type.run_scheduled_jo..., kwargs={'job_type': 'frappe.deferred_insert.save_to_db'}, method='frappe.core.doctype.scheduled_job_type.scheduled_job_type.run_scheduled_jo..., site='dcode.com', user='Administrator') (dcode.com::scheduled_job::frappe.deferred_insert.save_to_db)
2025-07-06 21:46:31,519 home-vinaymishra-frappe-bench:default: Job OK (dcode.com::scheduled_job::frappe.deferred_insert.save_to_db)
2025-07-06 21:46:31,519 Result is kept for 600 seconds
2025-07-06 21:46:31,521 home-vinaymishra-frappe-bench:default: frappe.utils.background_jobs.execute_job(event=None, is_async=True, job_name='frappe.core.doctype.scheduled_job_type.scheduled_job_type.run_scheduled_jo..., kwargs={'job_type': 'erpnext.manufacturing.doctype.bom_update_log.bom_update_log.r..., method='frappe.core.doctype.scheduled_job_type.scheduled_job_type.run_scheduled_jo..., site='dcode.com', user='Administrator') (dcode.com::scheduled_job::erpnext.manufacturing.doctype.bom_update_log.bom_update_log.resume_bom_cost_update_jobs)
2025-07-06 21:46:31,685 home-vinaymishra-frappe-bench:default: Job OK (dcode.com::scheduled_job::erpnext.manufacturing.doctype.bom_update_log.bom_update_log.resume_bom_cost_update_jobs)
2025-07-06 21:46:31,685 Result is kept for 600 seconds
2025-07-06 21:46:31,688 home-vinaymishra-frappe-bench:default: frappe.utils.background_jobs.execute_job(event=None, is_async=True, job_name='frappe.core.doctype.scheduled_job_type.scheduled_job_type.run_scheduled_jo..., kwargs={'job_type': 'frappe.automation.doctype.reminder.reminder.send_reminders'}, method='frappe.core.doctype.scheduled_job_type.scheduled_job_type.run_scheduled_jo..., site='dcode.com', user='Administrator') (dcode.com::scheduled_job::frappe.automation.doctype.reminder.reminder.send_reminders)
2025-07-06 21:46:31,819 home-vinaymishra-frappe-bench:default: Job OK (dcode.com::scheduled_job::frappe.automation.doctype.reminder.reminder.send_reminders)
2025-07-06 21:46:31,819 Result is kept for 600 seconds
2025-07-06 21:46:31,821 home-vinaymishra-frappe-bench:default: frappe.utils.background_jobs.execute_job(event=None, is_async=True, job_name='frappe.core.doctype.scheduled_job_type.scheduled_job_type.run_scheduled_jo..., kwargs={'job_type': 'frappe.integrations.doctype.google_calendar.google_calendar.s..., method='frappe.core.doctype.scheduled_job_type.scheduled_job_type.run_scheduled_jo..., site='dcode.com', user='Administrator') (dcode.com::scheduled_job::frappe.integrations.doctype.google_calendar.google_calendar.sync)
2025-07-06 21:46:31,977 home-vinaymishra-frappe-bench:default: Job OK (dcode.com::scheduled_job::frappe.integrations.doctype.google_calendar.google_calendar.sync)
2025-07-06 21:46:31,977 Result is kept for 600 seconds
2025-07-06 21:46:31,980 home-vinaymishra-frappe-bench:default: frappe.utils.background_jobs.execute_job(event=None, is_async=True, job_name='frappe.core.doctype.scheduled_job_type.scheduled_job_type.run_scheduled_jo..., kwargs={'job_type': 'frappe.email.doctype.email_account.email_account.notify_unrep..., method='frappe.core.doctype.scheduled_job_type.scheduled_job_type.run_scheduled_jo..., site='dcode.com', user='Administrator') (dcode.com::scheduled_job::frappe.email.doctype.email_account.email_account.notify_unreplied)
2025-07-06 21:46:32,102 home-vinaymishra-frappe-bench:default: Job OK (dcode.com::scheduled_job::frappe.email.doctype.email_account.email_account.notify_unreplied)
2025-07-06 21:46:32,102 Result is kept for 600 seconds
2025-07-06 21:48:30,968 home-vinaymishra-frappe-bench:default: frappe.utils.background_jobs.execute_job(event=None, is_async=True, job_name='frappe.core.doctype.scheduled_job_type.scheduled_job_type.run_scheduled_jo..., kwargs={'job_type': 'frappe.integrations.doctype.google_calendar.google_calendar.s..., method='frappe.core.doctype.scheduled_job_type.scheduled_job_type.run_scheduled_jo..., site='dcode.com', user='Administrator') (dcode.com::scheduled_job::frappe.integrations.doctype.google_calendar.google_calendar.sync)
2025-07-06 21:48:31,134 home-vinaymishra-frappe-bench:default: Job OK (dcode.com::scheduled_job::frappe.integrations.doctype.google_calendar.google_calendar.sync)
2025-07-06 21:48:31,134 Result is kept for 600 seconds
2025-07-06 21:48:31,136 home-vinaymishra-frappe-bench:default: frappe.utils.background_jobs.execute_job(event=None, is_async=True, job_name='frappe.core.doctype.scheduled_job_type.scheduled_job_type.run_scheduled_jo..., kwargs={'job_type': 'frappe.email.queue.flush'}, method='frappe.core.doctype.scheduled_job_type.scheduled_job_type.run_scheduled_jo..., site='dcode.com', user='Administrator') (dcode.com::scheduled_job::frappe.email.queue.flush)
2025-07-06 21:48:31,242 home-vinaymishra-frappe-bench:default: Job OK (dcode.com::scheduled_job::frappe.email.queue.flush)
2025-07-06 21:48:31,242 Result is kept for 600 seconds
2025-07-06 21:48:31,245 home-vinaymishra-frappe-bench:default: frappe.utils.background_jobs.execute_job(event=None, is_async=True, job_name='frappe.core.doctype.scheduled_job_type.scheduled_job_type.run_scheduled_jo..., kwargs={'job_type': 'frappe.monitor.flush'}, method='frappe.core.doctype.scheduled_job_type.scheduled_job_type.run_scheduled_jo..., site='dcode.com', user='Administrator') (dcode.com::scheduled_job::frappe.monitor.flush)
2025-07-06 21:48:31,308 home-vinaymishra-frappe-bench:default: Job OK (dcode.com::scheduled_job::frappe.monitor.flush)
2025-07-06 21:48:31,308 Result is kept for 600 seconds
2025-07-06 21:50:31,030 home-vinaymishra-frappe-bench:default: frappe.utils.background_jobs.execute_job(event=None, is_async=True, job_name='frappe.core.doctype.scheduled_job_type.scheduled_job_type.run_scheduled_jo..., kwargs={'job_type': 'frappe.email.doctype.email_account.email_account.pull'}, method='frappe.core.doctype.scheduled_job_type.scheduled_job_type.run_scheduled_jo..., site='dcode.com', user='Administrator') (dcode.com::scheduled_job::frappe.email.doctype.email_account.email_account.pull)
2025-07-06 21:50:31,174 home-vinaymishra-frappe-bench:default: Job OK (dcode.com::scheduled_job::frappe.email.doctype.email_account.email_account.pull)
2025-07-06 21:50:31,174 Result is kept for 600 seconds
2025-07-06 21:52:31,107 home-vinaymishra-frappe-bench:default: frappe.utils.background_jobs.execute_job(event=None, is_async=True, job_name='frappe.core.doctype.scheduled_job_type.scheduled_job_type.run_scheduled_jo..., kwargs={'job_type': 'frappe.monitor.flush'}, method='frappe.core.doctype.scheduled_job_type.scheduled_job_type.run_scheduled_jo..., site='dcode.com', user='Administrator') (dcode.com::scheduled_job::frappe.monitor.flush)
2025-07-06 21:52:31,422 home-vinaymishra-frappe-bench:default: Job OK (dcode.com::scheduled_job::frappe.monitor.flush)
2025-07-06 21:52:31,423 Result is kept for 600 seconds
2025-07-06 21:52:31,425 home-vinaymishra-frappe-bench:default: frappe.utils.background_jobs.execute_job(event=None, is_async=True, job_name='frappe.core.doctype.scheduled_job_type.scheduled_job_type.run_scheduled_jo..., kwargs={'job_type': 'frappe.integrations.doctype.google_calendar.google_calendar.s..., method='frappe.core.doctype.scheduled_job_type.scheduled_job_type.run_scheduled_jo..., site='dcode.com', user='Administrator') (dcode.com::scheduled_job::frappe.integrations.doctype.google_calendar.google_calendar.sync)
2025-07-06 21:52:31,921 home-vinaymishra-frappe-bench:default: Job OK (dcode.com::scheduled_job::frappe.integrations.doctype.google_calendar.google_calendar.sync)
2025-07-06 21:52:31,921 Result is kept for 600 seconds
2025-07-06 21:52:31,923 home-vinaymishra-frappe-bench:default: frappe.utils.background_jobs.execute_job(event=None, is_async=True, job_name='frappe.core.doctype.scheduled_job_type.scheduled_job_type.run_scheduled_jo..., kwargs={'job_type': 'frappe.email.queue.flush'}, method='frappe.core.doctype.scheduled_job_type.scheduled_job_type.run_scheduled_jo..., site='dcode.com', user='Administrator') (dcode.com::scheduled_job::frappe.email.queue.flush)
2025-07-06 21:52:32,030 home-vinaymishra-frappe-bench:default: Job OK (dcode.com::scheduled_job::frappe.email.queue.flush)
2025-07-06 21:52:32,030 Result is kept for 600 seconds
2025-07-06 21:56:31,260 home-vinaymishra-frappe-bench:default: frappe.utils.background_jobs.execute_job(event=None, is_async=True, job_name='frappe.core.doctype.scheduled_job_type.scheduled_job_type.run_scheduled_jo..., kwargs={'job_type': 'frappe.integrations.doctype.google_calendar.google_calendar.s..., method='frappe.core.doctype.scheduled_job_type.scheduled_job_type.run_scheduled_jo..., site='dcode.com', user='Administrator') (dcode.com::scheduled_job::frappe.integrations.doctype.google_calendar.google_calendar.sync)
2025-07-06 21:56:31,382 home-vinaymishra-frappe-bench:default: Job OK (dcode.com::scheduled_job::frappe.integrations.doctype.google_calendar.google_calendar.sync)
2025-07-06 21:56:31,382 Result is kept for 600 seconds
2025-07-06 21:56:31,385 home-vinaymishra-frappe-bench:default: frappe.utils.background_jobs.execute_job(event=None, is_async=True, job_name='frappe.core.doctype.scheduled_job_type.scheduled_job_type.run_scheduled_jo..., kwargs={'job_type': 'frappe.email.queue.flush'}, method='frappe.core.doctype.scheduled_job_type.scheduled_job_type.run_scheduled_jo..., site='dcode.com', user='Administrator') (dcode.com::scheduled_job::frappe.email.queue.flush)
2025-07-06 21:56:31,490 home-vinaymishra-frappe-bench:default: Job OK (dcode.com::scheduled_job::frappe.email.queue.flush)
2025-07-06 21:56:31,490 Result is kept for 600 seconds
2025-07-06 21:56:31,493 home-vinaymishra-frappe-bench:default: frappe.utils.background_jobs.execute_job(event=None, is_async=True, job_name='frappe.core.doctype.scheduled_job_type.scheduled_job_type.run_scheduled_jo..., kwargs={'job_type': 'frappe.monitor.flush'}, method='frappe.core.doctype.scheduled_job_type.scheduled_job_type.run_scheduled_jo..., site='dcode.com', user='Administrator') (dcode.com::scheduled_job::frappe.monitor.flush)
2025-07-06 21:56:31,557 home-vinaymishra-frappe-bench:default: Job OK (dcode.com::scheduled_job::frappe.monitor.flush)
2025-07-06 21:56:31,557 Result is kept for 600 seconds
